# JRE version: OpenJDK Runtime Environment (8.0_152-b01) (build 1.8.0_152-release-915-b01)
# Java VM: OpenJDK 64-Bit Server VM (25.152-b01 mixed mode linux-amd64 compressed oops)
Heap:
 PSYoungGen      total 430592K, used 13454K [0x00000000e0000000, 0x00000000fba80000, 0x0000000100000000)
  eden space 408064K, 0% used [0x00000000e0000000,0x00000000e0000000,0x00000000f8e80000)
  from space 22528K, 59% used [0x00000000f8e80000,0x00000000f9ba39d0,0x00000000fa480000)
  to   space 13824K, 0% used [0x00000000fad00000,0x00000000fad00000,0x00000000fba80000)
 ParOldGen       total 150528K, used 58270K [0x00000000a0000000, 0x00000000a9300000, 0x00000000e0000000)
  object space 150528K, 38% used [0x00000000a0000000,0x00000000a38e7af0,0x00000000a9300000)
 Metaspace       used 77101K, capacity 81542K, committed 81792K, reserved 1120256K
  class space    used 9786K, capacity 10530K, committed 10624K, reserved 1048576K
GC Heap History (10 events):
Event: 73,007 GC heap after
Heap after GC invocations=23 (full 3):
 PSYoungGen      total 307200K, used 16244K [0x00000000e0000000, 0x00000000f4700000, 0x0000000100000000)
  eden space 283648K, 0% used [0x00000000e0000000,0x00000000e0000000,0x00000000f1500000)
  from space 23552K, 68% used [0x00000000f3000000,0x00000000f3fdd3a0,0x00000000f4700000)
  to   space 25600K, 0% used [0x00000000f1500000,0x00000000f1500000,0x00000000f2e00000)
 ParOldGen       total 150528K, used 47736K [0x00000000a0000000, 0x00000000a9300000, 0x00000000e0000000)
  object space 150528K, 31% used [0x00000000a0000000,0x00000000a2e9e0f8,0x00000000a9300000)
 Metaspace       used 73891K, capacity 77064K, committed 77312K, reserved 1116160K
  class space    used 9559K, capacity 10197K, committed 10240K, reserved 1048576K
}
Event: 6220,219 GC heap before
{Heap before GC invocations=24 (full 3):
 PSYoungGen      total 307200K, used 299892K [0x00000000e0000000, 0x00000000f4700000, 0x0000000100000000)
  eden space 283648K, 100% used [0x00000000e0000000,0x00000000f1500000,0x00000000f1500000)
  from space 23552K, 68% used [0x00000000f3000000,0x00000000f3fdd3a0,0x00000000f4700000)
  to   space 25600K, 0% used [0x00000000f1500000,0x00000000f1500000,0x00000000f2e00000)
 ParOldGen       total 150528K, used 47736K [0x00000000a0000000, 0x00000000a9300000, 0x00000000e0000000)
  object space 150528K, 31% used [0x00000000a0000000,0x00000000a2e9e0f8,0x00000000a9300000)
 Metaspace       used 74688K, capacity 78202K, committed 78464K, reserved 1118208K
  class space    used 9626K, capacity 10291K, committed 10368K, reserved 1048576K
Event: 6220,375 GC heap after
Heap after GC invocations=24 (full 3):
 PSYoungGen      total 309248K, used 10972K [0x00000000e0000000, 0x00000000f8b00000, 0x0000000100000000)
  eden space 283648K, 0% used [0x00000000e0000000,0x00000000e0000000,0x00000000f1500000)
  from space 25600K, 42% used [0x00000000f1500000,0x00000000f1fb7120,0x00000000f2e00000)
  to   space 24576K, 0% used [0x00000000f7300000,0x00000000f7300000,0x00000000f8b00000)
 ParOldGen       total 150528K, used 50560K [0x00000000a0000000, 0x00000000a9300000, 0x00000000e0000000)
  object space 150528K, 33% used [0x00000000a0000000,0x00000000a31601b0,0x00000000a9300000)
 Metaspace       used 74688K, capacity 78202K, committed 78464K, reserved 1118208K
  class space    used 9626K, capacity 10291K, committed 10368K, reserved 1048576K
}
Event: 6662,193 GC heap before
{Heap before GC invocations=25 (full 3):
 PSYoungGen      total 309248K, used 294620K [0x00000000e0000000, 0x00000000f8b00000, 0x0000000100000000)
  eden space 283648K, 100% used [0x00000000e0000000,0x00000000f1500000,0x00000000f1500000)
  from space 25600K, 42% used [0x00000000f1500000,0x00000000f1fb7120,0x00000000f2e00000)
  to   space 24576K, 0% used [0x00000000f7300000,0x00000000f7300000,0x00000000f8b00000)
 ParOldGen       total 150528K, used 50560K [0x00000000a0000000, 0x00000000a9300000, 0x00000000e0000000)
  object space 150528K, 33% used [0x00000000a0000000,0x00000000a31601b0,0x00000000a9300000)
 Metaspace       used 75497K, capacity 79166K, committed 79232K, reserved 1118208K
  class space    used 9671K, capacity 10355K, committed 10368K, reserved 1048576K
Event: 6662,223 GC heap after
Heap after GC invocations=25 (full 3):
 PSYoungGen      total 362496K, used 7392K [0x00000000e0000000, 0x00000000f8200000, 0x0000000100000000)
  eden space 347136K, 0% used [0x00000000e0000000,0x00000000e0000000,0x00000000f5300000)
  from space 15360K, 48% used [0x00000000f7300000,0x00000000f7a38060,0x00000000f8200000)
  to   space 24064K, 0% used [0x00000000f5300000,0x00000000f5300000,0x00000000f6a80000)
 ParOldGen       total 150528K, used 54782K [0x00000000a0000000, 0x00000000a9300000, 0x00000000e0000000)
  object space 150528K, 36% used [0x00000000a0000000,0x00000000a357fa60,0x00000000a9300000)
 Metaspace       used 75497K, capacity 79166K, committed 79232K, reserved 1118208K
  class space    used 9671K, capacity 10355K, committed 10368K, reserved 1048576K
}
Event: 6677,625 GC heap before
{Heap before GC invocations=26 (full 3):
 PSYoungGen      total 362496K, used 354528K [0x00000000e0000000, 0x00000000f8200000, 0x0000000100000000)
  eden space 347136K, 100% used [0x00000000e0000000,0x00000000f5300000,0x00000000f5300000)
  from space 15360K, 48% used [0x00000000f7300000,0x00000000f7a38060,0x00000000f8200000)
  to   space 24064K, 0% used [0x00000000f5300000,0x00000000f5300000,0x00000000f6a80000)
 ParOldGen       total 150528K, used 54782K [0x00000000a0000000, 0x00000000a9300000, 0x00000000e0000000)
  object space 150528K, 36% used [0x00000000a0000000,0x00000000a357fa60,0x00000000a9300000)
 Metaspace       used 76418K, capacity 80672K, committed 80896K, reserved 1120256K
  class space    used 9760K, capacity 10483K, committed 10496K, reserved 1048576K
Event: 6677,645 GC heap after
Heap after GC invocations=26 (full 3):
 PSYoungGen      total 371200K, used 9728K [0x00000000e0000000, 0x00000000fc400000, 0x0000000100000000)
  eden space 347136K, 0% used [0x00000000e0000000,0x00000000e0000000,0x00000000f5300000)
  from space 24064K, 40% used [0x00000000f5300000,0x00000000f5c800a0,0x00000000f6a80000)
  to   space 23552K, 0% used [0x00000000fad00000,0x00000000fad00000,0x00000000fc400000)
 ParOldGen       total 150528K, used 57618K [0x00000000a0000000, 0x00000000a9300000, 0x00000000e0000000)
  object space 150528K, 38% used [0x00000000a0000000,0x00000000a3844ac0,0x00000000a9300000)
 Metaspace       used 76418K, capacity 80672K, committed 80896K, reserved 1120256K
  class space    used 9760K, capacity 10483K, committed 10496K, reserved 1048576K
}
Event: 6706,958 GC heap before
{Heap before GC invocations=27 (full 3):
 PSYoungGen      total 371200K, used 356864K [0x00000000e0000000, 0x00000000fc400000, 0x0000000100000000)
  eden space 347136K, 100% used [0x00000000e0000000,0x00000000f5300000,0x00000000f5300000)
  from space 24064K, 40% used [0x00000000f5300000,0x00000000f5c800a0,0x00000000f6a80000)
  to   space 23552K, 0% used [0x00000000fad00000,0x00000000fad00000,0x00000000fc400000)
 ParOldGen       total 150528K, used 57618K [0x00000000a0000000, 0x00000000a9300000, 0x00000000e0000000)
  object space 150528K, 38% used [0x00000000a0000000,0x00000000a3844ac0,0x00000000a9300000)
 Metaspace       used 76855K, capacity 81250K, committed 81536K, reserved 1120256K
  class space    used 9783K, capacity 10524K, committed 10624K, reserved 1048576K
Event: 6707,108 GC heap after
Heap after GC invocations=27 (full 3):
 PSYoungGen      total 421888K, used 8783K [0x00000000e0000000, 0x00000000fba80000, 0x0000000100000000)
  eden space 408064K, 0% used [0x00000000e0000000,0x00000000e0000000,0x00000000f8e80000)
  from space 13824K, 63% used [0x00000000fad00000,0x00000000fb593cf8,0x00000000fba80000)
  to   space 22528K, 0% used [0x00000000f8e80000,0x00000000f8e80000,0x00000000fa480000)
 ParOldGen       total 150528K, used 58262K [0x00000000a0000000, 0x00000000a9300000, 0x00000000e0000000)
  object space 150528K, 38% used [0x00000000a0000000,0x00000000a38e5af0,0x00000000a9300000)
 Metaspace       used 76855K, capacity 81250K, committed 81536K, reserved 1120256K
  class space    used 9783K, capacity 10524K, committed 10624K, reserved 1048576K
}
Event: 6711,898 GC heap before
{Heap before GC invocations=28 (full 3):
 PSYoungGen      total 421888K, used 415952K [0x00000000e0000000, 0x00000000fba80000, 0x0000000100000000)
  eden space 408064K, 99% used [0x00000000e0000000,0x00000000f8da0490,0x00000000f8e80000)
  from space 13824K, 63% used [0x00000000fad00000,0x00000000fb593cf8,0x00000000fba80000)
  to   space 22528K, 0% used [0x00000000f8e80000,0x00000000f8e80000,0x00000000fa480000)
 ParOldGen       total 150528K, used 58262K [0x00000000a0000000, 0x00000000a9300000, 0x00000000e0000000)
  object space 150528K, 38% used [0x00000000a0000000,0x00000000a38e5af0,0x00000000a9300000)
 Metaspace       used 77101K, capacity 81542K, committed 81792K, reserved 1120256K
  class space    used 9786K, capacity 10530K, committed 10624K, reserved 1048576K

